Using pre-set license
Built from '2020.3/staging' branch; Version is '2020.3.5f1 (8095aa901b9b) revision 8426922'; Using compiler version '192528614'; Build Type 'Release'
OS: 'Windows 10 Home; OS build 19041.928; Version 2004; 64bit' Language: 'en' Physical Memory: 16316 MB
BatchMode: 1, IsHumanControllingUs: 0, StartBugReporterOnCrash: 0, Is64bit: 1, IsPro: 0

 COMMAND LINE ARGUMENTS:
B:\Unity\2020.3.5f1\Editor\Unity.exe
-adb2
-batchMode
-noUpm
-name
AssetImportWorker0
-projectPath
B:/Unity/Smart Home Project
-logFile
Logs/AssetImportWorker0.log
-srvPort
55484
Successfully changed project path to: B:/Unity/Smart Home Project
B:/Unity/Smart Home Project
Using Asset Import Pipeline V2.
Refreshing native plugins compatible for Editor in 61.79 ms, found 0 plugins.
Preloading 0 native plugins for Editor in 0.00 ms.
Initialize engine version: 2020.3.5f1 (8095aa901b9b)
[Subsystems] Discovering subsystems at path B:/Unity/2020.3.5f1/Editor/Data/Resources/UnitySubsystems
[Subsystems] Discovering subsystems at path B:/Unity/Smart Home Project/Assets
GfxDevice: creating device client; threaded=0
Direct3D:
    Version:  Direct3D 11.0 [level 11.1]
    Renderer: NVIDIA GeForce GTX 1070 (ID=0x1b81)
    Vendor:   
    VRAM:     8088 MB
    Driver:   27.21.14.5671
Initialize mono
Mono path[0] = 'B:/Unity/2020.3.5f1/Editor/Data/Managed'
Mono path[1] = 'B:/Unity/2020.3.5f1/Editor/Data/MonoBleedingEdge/lib/mono/unityjit'
Mono config path = 'B:/Unity/2020.3.5f1/Editor/Data/MonoBleedingEdge/etc'
Using monoOptions --debugger-agent=transport=dt_socket,embedding=1,server=y,suspend=n,address=127.0.0.1:56668
Begin MonoManager ReloadAssembly
Registering precompiled unity dll's ...
Register platform support module: B:/Unity/2020.3.5f1/Editor/Data/PlaybackEngines/WindowsStandaloneSupport/UnityEditor.WindowsStandalone.Extensions.dll
Registered in 0.001385 seconds.
Native extension for WindowsStandalone target not found
Refreshing native plugins compatible for Editor in 64.07 ms, found 0 plugins.
Preloading 0 native plugins for Editor in 0.00 ms.
Mono: successfully reloaded assembly
- Completed reload, in  1.109 seconds
Platform modules already initialized, skipping
Registering precompiled user dll's ...
Registered in 0.000926 seconds.
Begin MonoManager ReloadAssembly
Native extension for WindowsStandalone target not found
Refreshing native plugins compatible for Editor in 64.71 ms, found 0 plugins.
Preloading 0 native plugins for Editor in 0.00 ms.
Mono: successfully reloaded assembly
- Completed reload, in  1.100 seconds
Platform modules already initialized, skipping
========================================================================
Worker process is ready to serve import requests
Launched and connected shader compiler UnityShaderCompiler.exe after 0.06 seconds
Refreshing native plugins compatible for Editor in 0.60 ms, found 0 plugins.
Preloading 0 native plugins for Editor in 0.00 ms.
Unloading 1489 Unused Serialized files (Serialized files now loaded: 0)
System memory in use before: 152.5 MB.
System memory in use after: 152.5 MB.

Unloading 14 unused Assets to reduce memory usage. Loaded Objects now: 1952.
Total: 2.459200 ms (FindLiveObjects: 0.234500 ms CreateObjectMapping: 0.045600 ms MarkObjects: 2.010000 ms  DeleteObjects: 0.167900 ms)

========================================================================
Received Import Request.
  path: Assets/HDRPFurniturePack/Artek/Floor_Light_A810_Artek/Floor_Light_A810_Artek.prefab
  artifactKey: Guid(96f554849a71e424fa1152c9accc330f) Importer(815301076,1909f56bfc062723c751e8b465ee728b)
Start importing Assets/HDRPFurniturePack/Artek/Floor_Light_A810_Artek/Floor_Light_A810_Artek.prefab using Guid(96f554849a71e424fa1152c9accc330f) Importer(815301076,1909f56bfc062723c751e8b465ee728b)  -> (artifact id: 'dc06b83336bf2e6dcef1d3b6e5153be4') in 0.164942 seconds
  Import took 0.168289 seconds .

========================================================================
Received Import Request.
  Time since last request: 0.000286 seconds.
  path: Assets/HDRPFurniturePack/Artek/Stool 60 Artek/Stool 60 Artek.prefab
  artifactKey: Guid(6236b6fc42f362d47946e045efef3244) Importer(815301076,1909f56bfc062723c751e8b465ee728b)
Start importing Assets/HDRPFurniturePack/Artek/Stool 60 Artek/Stool 60 Artek.prefab using Guid(6236b6fc42f362d47946e045efef3244) Importer(815301076,1909f56bfc062723c751e8b465ee728b)  -> (artifact id: '089d4295ab6dd5645d44adcf57a0d73b') in 0.035322 seconds
  Import took 0.038099 seconds .

========================================================================
Received Import Request.
  Time since last request: 2.465279 seconds.
  path: Assets/Assets.index
  artifactKey: Guid(ab5839e6c3dcd9d43a8a5f92709cd0a7) Importer(815301076,1909f56bfc062723c751e8b465ee728b)
Start importing Assets/Assets.index using Guid(ab5839e6c3dcd9d43a8a5f92709cd0a7) Importer(815301076,1909f56bfc062723c751e8b465ee728b)  -> (artifact id: '681f9d2021bc3ae21398569359530ac7') in 0.052271 seconds
  Import took 0.058037 seconds .

========================================================================
Received Import Request.
  Time since last request: 17.043679 seconds.
  path: Assets/Shared/Scripts/SimpleCameraController.cs
  artifactKey: Guid(390f972b3a1e62341ad150cbe29782f3) Importer(815301076,1909f56bfc062723c751e8b465ee728b)
Start importing Assets/Shared/Scripts/SimpleCameraController.cs using Guid(390f972b3a1e62341ad150cbe29782f3) Importer(815301076,1909f56bfc062723c751e8b465ee728b)  -> (artifact id: 'e106f1d63c687b240d27d159cbb01982') in 0.011080 seconds
  Import took 0.014641 seconds .

========================================================================
Received Import Request.
  Time since last request: 0.000877 seconds.
  path: Assets/Shared/Scripts/SimpleCameraController.cs
  artifactKey: Guid(390f972b3a1e62341ad150cbe29782f3) Importer(815301076,1909f56bfc062723c751e8b465ee728b)
Start importing Assets/Shared/Scripts/SimpleCameraController.cs using Guid(390f972b3a1e62341ad150cbe29782f3) Importer(815301076,1909f56bfc062723c751e8b465ee728b)  -> (artifact id: 'e106f1d63c687b240d27d159cbb01982') in 0.002482 seconds
  Import took 0.005709 seconds .

========================================================================
Received Import Request.
  Time since last request: 3.817713 seconds.
  path: Assets/Shared/Scripts/SimpleCharacterMotor.cs
  artifactKey: Guid(b388589949f9448aca1903107a88cb42) Importer(815301076,1909f56bfc062723c751e8b465ee728b)
Start importing Assets/Shared/Scripts/SimpleCharacterMotor.cs using Guid(b388589949f9448aca1903107a88cb42) Importer(815301076,1909f56bfc062723c751e8b465ee728b)  -> (artifact id: 'b291de84e6b1268b31d73b7c5de87771') in 0.007520 seconds
  Import took 0.010528 seconds .

========================================================================
Received Import Request.
  Time since last request: 17.882920 seconds.
  path: Assets/Scenes/SampleScene.unity
  artifactKey: Guid(9fc0d4010bbf28b4594072e72b8655ab) Importer(815301076,1909f56bfc062723c751e8b465ee728b)
Start importing Assets/Scenes/SampleScene.unity using Guid(9fc0d4010bbf28b4594072e72b8655ab) Importer(815301076,1909f56bfc062723c751e8b465ee728b)  -> (artifact id: '6d3f8c5ee1acfec370dcc789e7e95493') in 0.002822 seconds
  Import took 0.005881 seconds .

========================================================================
Received Prepare
Registering precompiled user dll's ...
Registered in 0.000953 seconds.
Begin MonoManager ReloadAssembly
Native extension for WindowsStandalone target not found
Refreshing native plugins compatible for Editor in 0.57 ms, found 0 plugins.
Preloading 0 native plugins for Editor in 0.00 ms.
Mono: successfully reloaded assembly
- Completed reload, in  0.949 seconds
Platform modules already initialized, skipping
Refreshing native plugins compatible for Editor in 0.62 ms, found 0 plugins.
Preloading 0 native plugins for Editor in 0.00 ms.
Unloading 1442 Unused Serialized files (Serialized files now loaded: 0)
System memory in use before: 151.3 MB.
System memory in use after: 151.4 MB.

Unloading 5 unused Assets to reduce memory usage. Loaded Objects now: 1962.
Total: 2.256000 ms (FindLiveObjects: 0.222000 ms CreateObjectMapping: 0.051000 ms MarkObjects: 1.840200 ms  DeleteObjects: 0.141800 ms)

========================================================================
Received Import Request.
  Time since last request: 146.812268 seconds.
  path: Assets/Shared/Scripts
  artifactKey: Guid(bd22c1c7cfb6a0f469bbe1805930df50) Importer(815301076,1909f56bfc062723c751e8b465ee728b)
Start importing Assets/Shared/Scripts using Guid(bd22c1c7cfb6a0f469bbe1805930df50) Importer(815301076,1909f56bfc062723c751e8b465ee728b)  -> (artifact id: 'c2e4b3a56138996964b45d12237ab029') in 0.012387 seconds
  Import took 0.015776 seconds .

========================================================================
Received Import Request.
  Time since last request: 2.450833 seconds.
  path: Assets/Shared/Ramps/RampBaker.asset
  artifactKey: Guid(6964ca4c5ab465b42a92b518c40c537b) Importer(815301076,1909f56bfc062723c751e8b465ee728b)
Start importing Assets/Shared/Ramps/RampBaker.asset using Guid(6964ca4c5ab465b42a92b518c40c537b) Importer(815301076,1909f56bfc062723c751e8b465ee728b)  -> (artifact id: 'bfe0e97eed4ca7381adb7dd41d41c591') in 0.023785 seconds
  Import took 0.026961 seconds .

========================================================================
Received Import Request.
  Time since last request: 0.864234 seconds.
  path: Assets/Shared/Prefabs/Player.prefab
  artifactKey: Guid(6fcc382533eeddd4cb59b9e20acca545) Importer(815301076,1909f56bfc062723c751e8b465ee728b)
Start importing Assets/Shared/Prefabs/Player.prefab using Guid(6fcc382533eeddd4cb59b9e20acca545) Importer(815301076,1909f56bfc062723c751e8b465ee728b)  -> (artifact id: 'a84f50e944b5a85ebada2bde83b61c3f') in 0.111571 seconds
  Import took 0.116277 seconds .

========================================================================
Received Import Request.
  Time since last request: 0.000403 seconds.
  path: Assets/Shared/Prefabs/WorldSpaceLabel.prefab
  artifactKey: Guid(ee8ad5531e02f4f0eb2d4187ec62c699) Importer(815301076,1909f56bfc062723c751e8b465ee728b)
Start importing Assets/Shared/Prefabs/WorldSpaceLabel.prefab using Guid(ee8ad5531e02f4f0eb2d4187ec62c699) Importer(815301076,1909f56bfc062723c751e8b465ee728b)  -> (artifact id: '2134eb5ff97363b162a1eab19af43824') in 0.075560 seconds
  Import took 0.078665 seconds .

========================================================================
Received Import Request.
  Time since last request: 36.531295 seconds.
  path: Assets/Shared/Sprites/Info.png
  artifactKey: Guid(2969d90b86698124696637a6df64a112) Importer(815301076,1909f56bfc062723c751e8b465ee728b)
Start importing Assets/Shared/Sprites/Info.png using Guid(2969d90b86698124696637a6df64a112) Importer(815301076,1909f56bfc062723c751e8b465ee728b)  -> (artifact id: '37c5ec2d860e49b7a6651df312a7c9f6') in 0.086368 seconds
  Import took 0.089502 seconds .

========================================================================
Received Import Request.
  Time since last request: 0.000494 seconds.
  path: Assets/Shared/Sprites/TitleBorder.png
  artifactKey: Guid(0a936ae5d70c6c14ab943882f62e0a7a) Importer(815301076,1909f56bfc062723c751e8b465ee728b)
Start importing Assets/Shared/Sprites/TitleBorder.png using Guid(0a936ae5d70c6c14ab943882f62e0a7a) Importer(815301076,1909f56bfc062723c751e8b465ee728b)  -> (artifact id: 'b2d1f00ed5a5ed373a1cb5a5e9880eb2') in 0.013818 seconds
  Import took 0.017349 seconds .

========================================================================
Received Import Request.
  Time since last request: 0.000306 seconds.
  path: Assets/Shared/Sprites/UnityLogo.png
  artifactKey: Guid(e9980ad31e8dba04aa8110ba611c69d8) Importer(815301076,1909f56bfc062723c751e8b465ee728b)
Start importing Assets/Shared/Sprites/UnityLogo.png using Guid(e9980ad31e8dba04aa8110ba611c69d8) Importer(815301076,1909f56bfc062723c751e8b465ee728b)  -> (artifact id: 'aa8c0bc886101f2dcb30191e96e586cf') in 0.016571 seconds
  Import took 0.019965 seconds .

========================================================================
Received Import Request.
  Time since last request: 18.301208 seconds.
  path: Assets/Scenes/Main.unity
  artifactKey: Guid(163adec682b5ccd4c8dbb7766c20f3fb) Importer(815301076,1909f56bfc062723c751e8b465ee728b)
Start importing Assets/Scenes/Main.unity using Guid(163adec682b5ccd4c8dbb7766c20f3fb) Importer(815301076,1909f56bfc062723c751e8b465ee728b)  -> (artifact id: '1533e7e1b3a995d8862c25a701836cce') in 0.002834 seconds
  Import took 0.005870 seconds .

========================================================================
Received Prepare
Registering precompiled user dll's ...
Registered in 0.000915 seconds.
Begin MonoManager ReloadAssembly
Native extension for WindowsStandalone target not found
Refreshing native plugins compatible for Editor in 0.59 ms, found 0 plugins.
Preloading 0 native plugins for Editor in 0.00 ms.
Mono: successfully reloaded assembly
- Completed reload, in  0.936 seconds
Platform modules already initialized, skipping
Refreshing native plugins compatible for Editor in 0.58 ms, found 0 plugins.
Preloading 0 native plugins for Editor in 0.00 ms.
Unloading 1442 Unused Serialized files (Serialized files now loaded: 0)
System memory in use before: 151.4 MB.
System memory in use after: 151.5 MB.

Unloading 5 unused Assets to reduce memory usage. Loaded Objects now: 1970.
Total: 2.268200 ms (FindLiveObjects: 0.222500 ms CreateObjectMapping: 0.052400 ms MarkObjects: 1.862000 ms  DeleteObjects: 0.130100 ms)

========================================================================
Received Import Request.
  Time since last request: 6.442249 seconds.
  path: Assets/Scenes/SampleScene.unity
  artifactKey: Guid(9fc0d4010bbf28b4594072e72b8655ab) Importer(815301076,1909f56bfc062723c751e8b465ee728b)
Start importing Assets/Scenes/SampleScene.unity using Guid(9fc0d4010bbf28b4594072e72b8655ab) Importer(815301076,1909f56bfc062723c751e8b465ee728b)  -> (artifact id: '880798dfec86d35a163dc1d20fc1b856') in 0.016686 seconds
  Import took 0.019827 seconds .

========================================================================
Received Import Request.
  Time since last request: 0.938427 seconds.
  path: Assets/Scenes/MainSettings.lighting
  artifactKey: Guid(5c79a15f7f725634ea5b233a1d60c996) Importer(815301076,1909f56bfc062723c751e8b465ee728b)
Start importing Assets/Scenes/MainSettings.lighting using Guid(5c79a15f7f725634ea5b233a1d60c996) Importer(815301076,1909f56bfc062723c751e8b465ee728b)  -> (artifact id: '7cdbc4018291d356c07e8900f3c0da1c') in 0.009973 seconds
  Import took 0.013102 seconds .

========================================================================
Received Import Request.
  Time since last request: 0.491697 seconds.
  path: Assets/Scenes/MainSettings.lighting
  artifactKey: Guid(5c79a15f7f725634ea5b233a1d60c996) Importer(815301076,1909f56bfc062723c751e8b465ee728b)
Start importing Assets/Scenes/MainSettings.lighting using Guid(5c79a15f7f725634ea5b233a1d60c996) Importer(815301076,1909f56bfc062723c751e8b465ee728b)  -> (artifact id: '7cdbc4018291d356c07e8900f3c0da1c') in 0.003845 seconds
  Import took 0.009655 seconds .

========================================================================
Received Import Request.
  Time since last request: 2.564525 seconds.
  path: Assets/Assets.index
  artifactKey: Guid(ab5839e6c3dcd9d43a8a5f92709cd0a7) Importer(815301076,1909f56bfc062723c751e8b465ee728b)
Start importing Assets/Assets.index using Guid(ab5839e6c3dcd9d43a8a5f92709cd0a7) Importer(815301076,1909f56bfc062723c751e8b465ee728b)  -> (artifact id: '6bbf7c00d986428475150828ecf78223') in 0.035035 seconds
  Import took 0.038321 seconds .

========================================================================
Received Prepare
Registering precompiled user dll's ...
Registered in 0.000985 seconds.
Begin MonoManager ReloadAssembly
Native extension for WindowsStandalone target not found
Refreshing native plugins compatible for Editor in 0.59 ms, found 0 plugins.
Preloading 0 native plugins for Editor in 0.00 ms.
Mono: successfully reloaded assembly
- Completed reload, in  0.980 seconds
Platform modules already initialized, skipping
Refreshing native plugins compatible for Editor in 0.58 ms, found 0 plugins.
Preloading 0 native plugins for Editor in 0.00 ms.
Unloading 1443 Unused Serialized files (Serialized files now loaded: 0)
System memory in use before: 151.5 MB.
System memory in use after: 151.6 MB.

Unloading 5 unused Assets to reduce memory usage. Loaded Objects now: 1974.
Total: 2.324600 ms (FindLiveObjects: 0.218900 ms CreateObjectMapping: 0.045000 ms MarkObjects: 1.908400 ms  DeleteObjects: 0.151000 ms)

========================================================================
Received Import Request.
  Time since last request: 364.619080 seconds.
  path: Assets/getup.cs
  artifactKey: Guid(2e553c1c42e305f498bf728f128cbe17) Importer(815301076,1909f56bfc062723c751e8b465ee728b)
Start importing Assets/getup.cs using Guid(2e553c1c42e305f498bf728f128cbe17) Importer(815301076,1909f56bfc062723c751e8b465ee728b)  -> (artifact id: '5181ad410f23b38307f4a167a6f75c53') in 0.010073 seconds
  Import took 0.013251 seconds .

========================================================================
Received Import Request.
  Time since last request: 0.000253 seconds.
  path: Assets/Assets.index
  artifactKey: Guid(ab5839e6c3dcd9d43a8a5f92709cd0a7) Importer(815301076,1909f56bfc062723c751e8b465ee728b)
Start importing Assets/Assets.index using Guid(ab5839e6c3dcd9d43a8a5f92709cd0a7) Importer(815301076,1909f56bfc062723c751e8b465ee728b)  -> (artifact id: '439d38129e053dc638e6cee19c63b6b7') in 0.048155 seconds
  Import took 0.052975 seconds .

========================================================================
Received Prepare
Registering precompiled user dll's ...
Registered in 0.000999 seconds.
Begin MonoManager ReloadAssembly
Native extension for WindowsStandalone target not found
Refreshing native plugins compatible for Editor in 0.58 ms, found 0 plugins.
Preloading 0 native plugins for Editor in 0.00 ms.
Mono: successfully reloaded assembly
- Completed reload, in  0.934 seconds
Platform modules already initialized, skipping
Refreshing native plugins compatible for Editor in 0.57 ms, found 0 plugins.
Preloading 0 native plugins for Editor in 0.00 ms.
Unloading 1443 Unused Serialized files (Serialized files now loaded: 0)
System memory in use before: 151.5 MB.
System memory in use after: 151.6 MB.

Unloading 5 unused Assets to reduce memory usage. Loaded Objects now: 1977.
Total: 2.221600 ms (FindLiveObjects: 0.188500 ms CreateObjectMapping: 0.049900 ms MarkObjects: 1.852700 ms  DeleteObjects: 0.129500 ms)

========================================================================
Received Import Request.
  Time since last request: 179.193333 seconds.
  path: Assets/Assets.index
  artifactKey: Guid(ab5839e6c3dcd9d43a8a5f92709cd0a7) Importer(815301076,1909f56bfc062723c751e8b465ee728b)
Start importing Assets/Assets.index using Guid(ab5839e6c3dcd9d43a8a5f92709cd0a7) Importer(815301076,1909f56bfc062723c751e8b465ee728b)  -> (artifact id: 'dd712dbefe62b9d00833a154a7f53844') in 0.051101 seconds
  Import took 0.055764 seconds .

========================================================================
Received Prepare
Registering precompiled user dll's ...
Registered in 0.001027 seconds.
Begin MonoManager ReloadAssembly
Native extension for WindowsStandalone target not found
Refreshing native plugins compatible for Editor in 0.58 ms, found 0 plugins.
Preloading 0 native plugins for Editor in 0.00 ms.
Mono: successfully reloaded assembly
- Completed reload, in  0.932 seconds
Platform modules already initialized, skipping
Refreshing native plugins compatible for Editor in 0.57 ms, found 0 plugins.
Preloading 0 native plugins for Editor in 0.00 ms.
Unloading 1443 Unused Serialized files (Serialized files now loaded: 0)
System memory in use before: 151.5 MB.
System memory in use after: 151.6 MB.

Unloading 5 unused Assets to reduce memory usage. Loaded Objects now: 1980.
Total: 2.324300 ms (FindLiveObjects: 0.225400 ms CreateObjectMapping: 0.046100 ms MarkObjects: 1.916400 ms  DeleteObjects: 0.135200 ms)

========================================================================
Received Import Request.
  Time since last request: 122.426527 seconds.
  path: Assets/Assets.index
  artifactKey: Guid(ab5839e6c3dcd9d43a8a5f92709cd0a7) Importer(815301076,1909f56bfc062723c751e8b465ee728b)
Start importing Assets/Assets.index using Guid(ab5839e6c3dcd9d43a8a5f92709cd0a7) Importer(815301076,1909f56bfc062723c751e8b465ee728b)  -> (artifact id: 'e08bc2aa090f4e690f2200d82aab2ff6') in 0.057397 seconds
  Import took 0.061975 seconds .

========================================================================
Received Prepare
Registering precompiled user dll's ...
Registered in 0.001004 seconds.
Begin MonoManager ReloadAssembly
Native extension for WindowsStandalone target not found
Refreshing native plugins compatible for Editor in 0.58 ms, found 0 plugins.
Preloading 0 native plugins for Editor in 0.00 ms.
Mono: successfully reloaded assembly
- Completed reload, in  0.953 seconds
Platform modules already initialized, skipping
Refreshing native plugins compatible for Editor in 0.58 ms, found 0 plugins.
Preloading 0 native plugins for Editor in 0.00 ms.
Unloading 1443 Unused Serialized files (Serialized files now loaded: 0)
System memory in use before: 151.5 MB.
System memory in use after: 151.6 MB.

Unloading 5 unused Assets to reduce memory usage. Loaded Objects now: 1983.
Total: 2.426600 ms (FindLiveObjects: 0.230200 ms CreateObjectMapping: 0.050400 ms MarkObjects: 2.002300 ms  DeleteObjects: 0.142000 ms)

========================================================================
Received Prepare
Registering precompiled user dll's ...
Registered in 0.000987 seconds.
Begin MonoManager ReloadAssembly
Native extension for WindowsStandalone target not found
Refreshing native plugins compatible for Editor in 0.59 ms, found 0 plugins.
Preloading 0 native plugins for Editor in 0.00 ms.
Mono: successfully reloaded assembly
- Completed reload, in  0.927 seconds
Platform modules already initialized, skipping
Refreshing native plugins compatible for Editor in 0.59 ms, found 0 plugins.
Preloading 0 native plugins for Editor in 0.00 ms.
Unloading 1443 Unused Serialized files (Serialized files now loaded: 0)
System memory in use before: 151.5 MB.
System memory in use after: 151.6 MB.

Unloading 5 unused Assets to reduce memory usage. Loaded Objects now: 1986.
Total: 2.462600 ms (FindLiveObjects: 0.241800 ms CreateObjectMapping: 0.042500 ms MarkObjects: 2.029600 ms  DeleteObjects: 0.147300 ms)

========================================================================
Received Prepare
Registering precompiled user dll's ...
Registered in 0.000938 seconds.
Begin MonoManager ReloadAssembly
Native extension for WindowsStandalone target not found
Refreshing native plugins compatible for Editor in 0.59 ms, found 0 plugins.
Preloading 0 native plugins for Editor in 0.00 ms.
Mono: successfully reloaded assembly
- Completed reload, in  0.950 seconds
Platform modules already initialized, skipping
Refreshing native plugins compatible for Editor in 0.57 ms, found 0 plugins.
Preloading 0 native plugins for Editor in 0.00 ms.
Unloading 1443 Unused Serialized files (Serialized files now loaded: 0)
System memory in use before: 151.5 MB.
System memory in use after: 151.6 MB.

Unloading 5 unused Assets to reduce memory usage. Loaded Objects now: 1989.
Total: 2.485200 ms (FindLiveObjects: 0.236800 ms CreateObjectMapping: 0.049400 ms MarkObjects: 2.061100 ms  DeleteObjects: 0.136100 ms)

========================================================================
Received Prepare
Registering precompiled user dll's ...
Registered in 0.001030 seconds.
Begin MonoManager ReloadAssembly
Native extension for WindowsStandalone target not found
Refreshing native plugins compatible for Editor in 0.66 ms, found 0 plugins.
Preloading 0 native plugins for Editor in 0.00 ms.
Mono: successfully reloaded assembly
- Completed reload, in  0.958 seconds
Platform modules already initialized, skipping
Refreshing native plugins compatible for Editor in 0.62 ms, found 0 plugins.
Preloading 0 native plugins for Editor in 0.00 ms.
Unloading 1443 Unused Serialized files (Serialized files now loaded: 0)
System memory in use before: 151.5 MB.
System memory in use after: 151.6 MB.

Unloading 5 unused Assets to reduce memory usage. Loaded Objects now: 1992.
Total: 2.517400 ms (FindLiveObjects: 0.217500 ms CreateObjectMapping: 0.044300 ms MarkObjects: 2.100500 ms  DeleteObjects: 0.153800 ms)

========================================================================
Received Prepare
Registering precompiled user dll's ...
Registered in 0.001026 seconds.
Begin MonoManager ReloadAssembly
Native extension for WindowsStandalone target not found
Refreshing native plugins compatible for Editor in 0.57 ms, found 0 plugins.
Preloading 0 native plugins for Editor in 0.00 ms.
Mono: successfully reloaded assembly
- Completed reload, in  0.920 seconds
Platform modules already initialized, skipping
Refreshing native plugins compatible for Editor in 0.61 ms, found 0 plugins.
Preloading 0 native plugins for Editor in 0.00 ms.
Unloading 1443 Unused Serialized files (Serialized files now loaded: 0)
System memory in use before: 151.5 MB.
System memory in use after: 151.6 MB.

Unloading 5 unused Assets to reduce memory usage. Loaded Objects now: 1995.
Total: 2.407800 ms (FindLiveObjects: 0.250100 ms CreateObjectMapping: 0.058600 ms MarkObjects: 1.960000 ms  DeleteObjects: 0.137800 ms)

========================================================================
Received Prepare
Registering precompiled user dll's ...
Registered in 0.000991 seconds.
Begin MonoManager ReloadAssembly
Native extension for WindowsStandalone target not found
Refreshing native plugins compatible for Editor in 0.63 ms, found 0 plugins.
Preloading 0 native plugins for Editor in 0.00 ms.
Mono: successfully reloaded assembly
- Completed reload, in  0.933 seconds
Platform modules already initialized, skipping
Refreshing native plugins compatible for Editor in 0.57 ms, found 0 plugins.
Preloading 0 native plugins for Editor in 0.00 ms.
Unloading 1443 Unused Serialized files (Serialized files now loaded: 0)
System memory in use before: 151.6 MB.
System memory in use after: 151.6 MB.

Unloading 5 unused Assets to reduce memory usage. Loaded Objects now: 1998.
Total: 2.397800 ms (FindLiveObjects: 0.203600 ms CreateObjectMapping: 0.050300 ms MarkObjects: 2.002800 ms  DeleteObjects: 0.139900 ms)

========================================================================
Received Prepare
Registering precompiled user dll's ...
Registered in 0.001001 seconds.
Begin MonoManager ReloadAssembly
Native extension for WindowsStandalone target not found
Refreshing native plugins compatible for Editor in 0.59 ms, found 0 plugins.
Preloading 0 native plugins for Editor in 0.00 ms.
Mono: successfully reloaded assembly
- Completed reload, in  0.921 seconds
Platform modules already initialized, skipping
Refreshing native plugins compatible for Editor in 0.57 ms, found 0 plugins.
Preloading 0 native plugins for Editor in 0.00 ms.
Unloading 1443 Unused Serialized files (Serialized files now loaded: 0)
System memory in use before: 151.6 MB.
System memory in use after: 151.6 MB.

Unloading 5 unused Assets to reduce memory usage. Loaded Objects now: 2001.
Total: 2.352100 ms (FindLiveObjects: 0.212800 ms CreateObjectMapping: 0.044100 ms MarkObjects: 1.956900 ms  DeleteObjects: 0.137000 ms)

========================================================================
Received Prepare
Registering precompiled user dll's ...
Registered in 0.000971 seconds.
Begin MonoManager ReloadAssembly
Native extension for WindowsStandalone target not found
Refreshing native plugins compatible for Editor in 0.61 ms, found 0 plugins.
Preloading 0 native plugins for Editor in 0.00 ms.
Mono: successfully reloaded assembly
- Completed reload, in  0.921 seconds
Platform modules already initialized, skipping
Refreshing native plugins compatible for Editor in 0.59 ms, found 0 plugins.
Preloading 0 native plugins for Editor in 0.00 ms.
Unloading 1443 Unused Serialized files (Serialized files now loaded: 0)
System memory in use before: 151.6 MB.
System memory in use after: 151.6 MB.

Unloading 5 unused Assets to reduce memory usage. Loaded Objects now: 2004.
Total: 2.785800 ms (FindLiveObjects: 0.248200 ms CreateObjectMapping: 0.055600 ms MarkObjects: 2.315000 ms  DeleteObjects: 0.165800 ms)

========================================================================
Received Prepare
Registering precompiled user dll's ...
Registered in 0.001033 seconds.
Begin MonoManager ReloadAssembly
Native extension for WindowsStandalone target not found
Refreshing native plugins compatible for Editor in 0.60 ms, found 0 plugins.
Preloading 0 native plugins for Editor in 0.00 ms.
Mono: successfully reloaded assembly
- Completed reload, in  0.952 seconds
Platform modules already initialized, skipping
Refreshing native plugins compatible for Editor in 0.81 ms, found 0 plugins.
Preloading 0 native plugins for Editor in 0.00 ms.
Unloading 1443 Unused Serialized files (Serialized files now loaded: 0)
System memory in use before: 151.6 MB.
System memory in use after: 151.7 MB.

Unloading 5 unused Assets to reduce memory usage. Loaded Objects now: 2007.
Total: 3.073400 ms (FindLiveObjects: 0.315400 ms CreateObjectMapping: 0.052700 ms MarkObjects: 2.548500 ms  DeleteObjects: 0.155200 ms)

========================================================================
Received Import Request.
  Time since last request: 993.627499 seconds.
  path: Assets/Steam.cs
  artifactKey: Guid(dd85fd2dd44f7e548b6141ee1dc4d489) Importer(815301076,1909f56bfc062723c751e8b465ee728b)
Start importing Assets/Steam.cs using Guid(dd85fd2dd44f7e548b6141ee1dc4d489) Importer(815301076,1909f56bfc062723c751e8b465ee728b)  -> (artifact id: '906b7a541cd441e3a58b66e9ed685393') in 0.013358 seconds
  Import took 0.018031 seconds .

========================================================================
Received Import Request.
  Time since last request: 0.000434 seconds.
  path: Assets/Steam.cs
  artifactKey: Guid(dd85fd2dd44f7e548b6141ee1dc4d489) Importer(815301076,1909f56bfc062723c751e8b465ee728b)
Start importing Assets/Steam.cs using Guid(dd85fd2dd44f7e548b6141ee1dc4d489) Importer(815301076,1909f56bfc062723c751e8b465ee728b)  -> (artifact id: '906b7a541cd441e3a58b66e9ed685393') in 0.002298 seconds
  Import took 0.004966 seconds .

========================================================================
Received Prepare
Registering precompiled user dll's ...
Registered in 0.000997 seconds.
Begin MonoManager ReloadAssembly
Native extension for WindowsStandalone target not found
Refreshing native plugins compatible for Editor in 0.60 ms, found 0 plugins.
Preloading 0 native plugins for Editor in 0.00 ms.
Mono: successfully reloaded assembly
- Completed reload, in  0.957 seconds
Platform modules already initialized, skipping
Refreshing native plugins compatible for Editor in 0.58 ms, found 0 plugins.
Preloading 0 native plugins for Editor in 0.00 ms.
Unloading 1444 Unused Serialized files (Serialized files now loaded: 0)
System memory in use before: 151.6 MB.
System memory in use after: 151.7 MB.

Unloading 5 unused Assets to reduce memory usage. Loaded Objects now: 2011.
Total: 2.364000 ms (FindLiveObjects: 0.206200 ms CreateObjectMapping: 0.044500 ms MarkObjects: 1.981700 ms  DeleteObjects: 0.130600 ms)

========================================================================
Received Import Request.
  Time since last request: 15.559015 seconds.
  path: Assets/shower.cs
  artifactKey: Guid(915f57a94cfd43841be87c398ad04eef) Importer(815301076,1909f56bfc062723c751e8b465ee728b)
Start importing Assets/shower.cs using Guid(915f57a94cfd43841be87c398ad04eef) Importer(815301076,1909f56bfc062723c751e8b465ee728b)  -> (artifact id: 'a43171502d0ce9b021f917ae56b02435') in 0.011594 seconds
  Import took 0.014726 seconds .

========================================================================
Received Import Request.
  Time since last request: 0.000272 seconds.
  path: Assets/Assets.index
  artifactKey: Guid(ab5839e6c3dcd9d43a8a5f92709cd0a7) Importer(815301076,1909f56bfc062723c751e8b465ee728b)
Start importing Assets/Assets.index using Guid(ab5839e6c3dcd9d43a8a5f92709cd0a7) Importer(815301076,1909f56bfc062723c751e8b465ee728b)  -> (artifact id: 'd2763b0554ecc00ed282374419f2d356') in 0.047724 seconds
  Import took 0.050425 seconds .

========================================================================
Received Prepare
Registering precompiled user dll's ...
Registered in 0.000916 seconds.
Begin MonoManager ReloadAssembly
Native extension for WindowsStandalone target not found
Refreshing native plugins compatible for Editor in 0.58 ms, found 0 plugins.
Preloading 0 native plugins for Editor in 0.00 ms.
Mono: successfully reloaded assembly
- Completed reload, in  0.928 seconds
Platform modules already initialized, skipping
Refreshing native plugins compatible for Editor in 0.58 ms, found 0 plugins.
Preloading 0 native plugins for Editor in 0.00 ms.
Unloading 1444 Unused Serialized files (Serialized files now loaded: 0)
System memory in use before: 151.6 MB.
System memory in use after: 151.7 MB.

Unloading 5 unused Assets to reduce memory usage. Loaded Objects now: 2014.
Total: 2.617400 ms (FindLiveObjects: 0.218800 ms CreateObjectMapping: 0.057500 ms MarkObjects: 2.192300 ms  DeleteObjects: 0.147500 ms)

========================================================================
Received Prepare
Registering precompiled user dll's ...
Registered in 0.000964 seconds.
Begin MonoManager ReloadAssembly
Native extension for WindowsStandalone target not found
Refreshing native plugins compatible for Editor in 0.58 ms, found 0 plugins.
Preloading 0 native plugins for Editor in 0.00 ms.
Mono: successfully reloaded assembly
- Completed reload, in  0.929 seconds
Platform modules already initialized, skipping
Refreshing native plugins compatible for Editor in 0.55 ms, found 0 plugins.
Preloading 0 native plugins for Editor in 0.00 ms.
Unloading 1444 Unused Serialized files (Serialized files now loaded: 0)
System memory in use before: 151.6 MB.
System memory in use after: 151.7 MB.

Unloading 5 unused Assets to reduce memory usage. Loaded Objects now: 2017.
Total: 2.455200 ms (FindLiveObjects: 0.214800 ms CreateObjectMapping: 0.052700 ms MarkObjects: 2.043900 ms  DeleteObjects: 0.142500 ms)

========================================================================
Received Import Request.
  Time since last request: 54.014584 seconds.
  path: Assets/shower.cs
  artifactKey: Guid(915f57a94cfd43841be87c398ad04eef) Importer(815301076,1909f56bfc062723c751e8b465ee728b)
Start importing Assets/shower.cs using Guid(915f57a94cfd43841be87c398ad04eef) Importer(815301076,1909f56bfc062723c751e8b465ee728b)  -> (artifact id: '2eb6a47eca005e2fa4ecb3086638476b') in 0.011440 seconds
  Import took 0.014742 seconds .

========================================================================
Received Prepare
Registering precompiled user dll's ...
Registered in 0.000913 seconds.
Begin MonoManager ReloadAssembly
Native extension for WindowsStandalone target not found
Refreshing native plugins compatible for Editor in 0.57 ms, found 0 plugins.
Preloading 0 native plugins for Editor in 0.00 ms.
Mono: successfully reloaded assembly
- Completed reload, in  0.919 seconds
Platform modules already initialized, skipping
Refreshing native plugins compatible for Editor in 0.57 ms, found 0 plugins.
Preloading 0 native plugins for Editor in 0.00 ms.
Unloading 1445 Unused Serialized files (Serialized files now loaded: 0)
System memory in use before: 151.7 MB.
System memory in use after: 151.7 MB.

Unloading 5 unused Assets to reduce memory usage. Loaded Objects now: 2021.
Total: 2.344400 ms (FindLiveObjects: 0.186500 ms CreateObjectMapping: 0.043100 ms MarkObjects: 1.985900 ms  DeleteObjects: 0.127800 ms)

========================================================================
Received Import Request.
  Time since last request: 27.706225 seconds.
  path: Assets/cha.cs
  artifactKey: Guid(0973fdf1d45cc254085c78b0c9d4d6ee) Importer(815301076,1909f56bfc062723c751e8b465ee728b)
Start importing Assets/cha.cs using Guid(0973fdf1d45cc254085c78b0c9d4d6ee) Importer(815301076,1909f56bfc062723c751e8b465ee728b)  -> (artifact id: '56926fe8d437360d3ccc189393407812') in 0.014121 seconds
  Import took 0.017440 seconds .

========================================================================
Received Import Request.
  Time since last request: 91.412015 seconds.
  path: Assets/cha.cs
  artifactKey: Guid(0973fdf1d45cc254085c78b0c9d4d6ee) Importer(815301076,1909f56bfc062723c751e8b465ee728b)
Start importing Assets/cha.cs using Guid(0973fdf1d45cc254085c78b0c9d4d6ee) Importer(815301076,1909f56bfc062723c751e8b465ee728b)  -> (artifact id: '9821047e7bd3caa102594ee4722243c7') in 0.002690 seconds
  Import took 0.005875 seconds .

========================================================================
Received Import Request.
  Time since last request: 0.909871 seconds.
  path: Assets/Assets.index
  artifactKey: Guid(ab5839e6c3dcd9d43a8a5f92709cd0a7) Importer(815301076,1909f56bfc062723c751e8b465ee728b)
Start importing Assets/Assets.index using Guid(ab5839e6c3dcd9d43a8a5f92709cd0a7) Importer(815301076,1909f56bfc062723c751e8b465ee728b)  -> (artifact id: '3f8dee573b4a20cde6ebdb8ecaed6c6b') in 0.048536 seconds
  Import took 0.054457 seconds .

========================================================================
Received Prepare
Registering precompiled user dll's ...
Registered in 0.000995 seconds.
Begin MonoManager ReloadAssembly
Native extension for WindowsStandalone target not found
Refreshing native plugins compatible for Editor in 0.58 ms, found 0 plugins.
Preloading 0 native plugins for Editor in 0.00 ms.
Mono: successfully reloaded assembly
- Completed reload, in  0.931 seconds
Platform modules already initialized, skipping
Refreshing native plugins compatible for Editor in 0.57 ms, found 0 plugins.
Preloading 0 native plugins for Editor in 0.00 ms.
Unloading 1445 Unused Serialized files (Serialized files now loaded: 0)
System memory in use before: 151.7 MB.
System memory in use after: 151.7 MB.

Unloading 5 unused Assets to reduce memory usage. Loaded Objects now: 2024.
Total: 2.489400 ms (FindLiveObjects: 0.215100 ms CreateObjectMapping: 0.041700 ms MarkObjects: 2.092900 ms  DeleteObjects: 0.138700 ms)

========================================================================
Received Prepare
Registering precompiled user dll's ...
Registered in 0.000948 seconds.
Begin MonoManager ReloadAssembly
Native extension for WindowsStandalone target not found
Refreshing native plugins compatible for Editor in 0.58 ms, found 0 plugins.
Preloading 0 native plugins for Editor in 0.00 ms.
Mono: successfully reloaded assembly
- Completed reload, in  0.962 seconds
Platform modules already initialized, skipping
Refreshing native plugins compatible for Editor in 0.56 ms, found 0 plugins.
Preloading 0 native plugins for Editor in 0.00 ms.
Unloading 1446 Unused Serialized files (Serialized files now loaded: 0)
System memory in use before: 151.7 MB.
System memory in use after: 151.8 MB.

Unloading 5 unused Assets to reduce memory usage. Loaded Objects now: 2028.
Total: 2.328100 ms (FindLiveObjects: 0.216600 ms CreateObjectMapping: 0.050700 ms MarkObjects: 1.926100 ms  DeleteObjects: 0.133500 ms)

========================================================================
Received Prepare
Registering precompiled user dll's ...
Registered in 0.000834 seconds.
Begin MonoManager ReloadAssembly
Native extension for WindowsStandalone target not found
Refreshing native plugins compatible for Editor in 0.62 ms, found 0 plugins.
Preloading 0 native plugins for Editor in 0.00 ms.
Mono: successfully reloaded assembly
- Completed reload, in  0.944 seconds
Platform modules already initialized, skipping
Refreshing native plugins compatible for Editor in 0.57 ms, found 0 plugins.
Preloading 0 native plugins for Editor in 0.00 ms.
Unloading 1446 Unused Serialized files (Serialized files now loaded: 0)
System memory in use before: 151.7 MB.
System memory in use after: 151.8 MB.

Unloading 5 unused Assets to reduce memory usage. Loaded Objects now: 2031.
Total: 2.347400 ms (FindLiveObjects: 0.223500 ms CreateObjectMapping: 0.041300 ms MarkObjects: 1.946300 ms  DeleteObjects: 0.135200 ms)

========================================================================
Received Import Request.
  Time since last request: 177.139054 seconds.
  path: Assets/bathroomLight.cs
  artifactKey: Guid(77d7315bd036f644d837c8f4ab49daa4) Importer(815301076,1909f56bfc062723c751e8b465ee728b)
Start importing Assets/bathroomLight.cs using Guid(77d7315bd036f644d837c8f4ab49daa4) Importer(815301076,1909f56bfc062723c751e8b465ee728b)  -> (artifact id: '41d2487504d21b17b895a2bf460ca82e') in 0.012020 seconds
  Import took 0.015550 seconds .

========================================================================
Received Import Request.
  Time since last request: 0.006444 seconds.
  path: Assets/bathroomLight.cs
  artifactKey: Guid(77d7315bd036f644d837c8f4ab49daa4) Importer(815301076,1909f56bfc062723c751e8b465ee728b)
Start importing Assets/bathroomLight.cs using Guid(77d7315bd036f644d837c8f4ab49daa4) Importer(815301076,1909f56bfc062723c751e8b465ee728b)  -> (artifact id: '41d2487504d21b17b895a2bf460ca82e') in 0.002533 seconds
  Import took 0.005560 seconds .

========================================================================
Received Import Request.
  Time since last request: 113.309055 seconds.
  path: Assets/bathroomLight.cs
  artifactKey: Guid(77d7315bd036f644d837c8f4ab49daa4) Importer(815301076,1909f56bfc062723c751e8b465ee728b)
Start importing Assets/bathroomLight.cs using Guid(77d7315bd036f644d837c8f4ab49daa4) Importer(815301076,1909f56bfc062723c751e8b465ee728b)  -> (artifact id: '9f28500600f4b7cf32973921da123b07') in 0.002588 seconds
  Import took 0.005728 seconds .

========================================================================
Received Import Request.
  Time since last request: 1.040162 seconds.
  path: Assets/Assets.index
  artifactKey: Guid(ab5839e6c3dcd9d43a8a5f92709cd0a7) Importer(815301076,1909f56bfc062723c751e8b465ee728b)
Start importing Assets/Assets.index using Guid(ab5839e6c3dcd9d43a8a5f92709cd0a7) Importer(815301076,1909f56bfc062723c751e8b465ee728b)  -> (artifact id: 'e1d1e14eaf4228231ee5f2c19a32a0ad') in 0.052844 seconds
  Import took 0.057534 seconds .

========================================================================
Received Import Request.
  Time since last request: 0.005160 seconds.
  path: Assets/Assets.index
  artifactKey: Guid(ab5839e6c3dcd9d43a8a5f92709cd0a7) Importer(815301076,1909f56bfc062723c751e8b465ee728b)
Start importing Assets/Assets.index using Guid(ab5839e6c3dcd9d43a8a5f92709cd0a7) Importer(815301076,1909f56bfc062723c751e8b465ee728b)  -> (artifact id: 'e1d1e14eaf4228231ee5f2c19a32a0ad') in 0.010606 seconds
  Import took 0.013962 seconds .

========================================================================
Received Prepare
Registering precompiled user dll's ...
Registered in 0.001016 seconds.
Begin MonoManager ReloadAssembly
Native extension for WindowsStandalone target not found
Refreshing native plugins compatible for Editor in 0.57 ms, found 0 plugins.
Preloading 0 native plugins for Editor in 0.00 ms.
Mono: successfully reloaded assembly
- Completed reload, in  0.928 seconds
Platform modules already initialized, skipping
Refreshing native plugins compatible for Editor in 0.58 ms, found 0 plugins.
Preloading 0 native plugins for Editor in 0.00 ms.
Unloading 1446 Unused Serialized files (Serialized files now loaded: 0)
System memory in use before: 151.7 MB.
System memory in use after: 151.8 MB.

Unloading 5 unused Assets to reduce memory usage. Loaded Objects now: 2034.
Total: 2.294200 ms (FindLiveObjects: 0.206700 ms CreateObjectMapping: 0.043300 ms MarkObjects: 1.910700 ms  DeleteObjects: 0.132200 ms)

========================================================================
Received Prepare
Registering precompiled user dll's ...
Registered in 0.000973 seconds.
Begin MonoManager ReloadAssembly
Native extension for WindowsStandalone target not found
Refreshing native plugins compatible for Editor in 0.58 ms, found 0 plugins.
Preloading 0 native plugins for Editor in 0.00 ms.
Mono: successfully reloaded assembly
- Completed reload, in  0.933 seconds
Platform modules already initialized, skipping
Refreshing native plugins compatible for Editor in 0.57 ms, found 0 plugins.
Preloading 0 native plugins for Editor in 0.00 ms.
Unloading 1446 Unused Serialized files (Serialized files now loaded: 0)
System memory in use before: 151.7 MB.
System memory in use after: 151.8 MB.

Unloading 5 unused Assets to reduce memory usage. Loaded Objects now: 2037.
Total: 2.704300 ms (FindLiveObjects: 0.272300 ms CreateObjectMapping: 0.052000 ms MarkObjects: 2.220600 ms  DeleteObjects: 0.157300 ms)

========================================================================
Received Import Request.
  Time since last request: 746.960548 seconds.
  path: Assets/Assets.index
  artifactKey: Guid(ab5839e6c3dcd9d43a8a5f92709cd0a7) Importer(815301076,1909f56bfc062723c751e8b465ee728b)
Start importing Assets/Assets.index using Guid(ab5839e6c3dcd9d43a8a5f92709cd0a7) Importer(815301076,1909f56bfc062723c751e8b465ee728b)  -> (artifact id: '2bb389a2b958bf8b2d5cc569e082c2d1') in 0.045427 seconds
  Import took 0.049140 seconds .

========================================================================
Received Prepare
Registering precompiled user dll's ...
Registered in 0.000964 seconds.
Begin MonoManager ReloadAssembly
Native extension for WindowsStandalone target not found
Refreshing native plugins compatible for Editor in 0.57 ms, found 0 plugins.
Preloading 0 native plugins for Editor in 0.00 ms.
Mono: successfully reloaded assembly
- Completed reload, in  0.928 seconds
Platform modules already initialized, skipping
Refreshing native plugins compatible for Editor in 0.59 ms, found 0 plugins.
Preloading 0 native plugins for Editor in 0.00 ms.
Unloading 1446 Unused Serialized files (Serialized files now loaded: 0)
System memory in use before: 151.7 MB.
System memory in use after: 151.8 MB.

Unloading 5 unused Assets to reduce memory usage. Loaded Objects now: 2040.
Total: 4.109400 ms (FindLiveObjects: 0.336100 ms CreateObjectMapping: 0.089700 ms MarkObjects: 3.431000 ms  DeleteObjects: 0.250500 ms)

AssetImportWorkerClient::OnTransportError - code=2 error=End of file
